2026-06-24 09:35:28,651 - INFO - ============================================================
2026-06-24 09:35:28,651 - INFO - PARAMETERS - KdV Single Soliton v0
2026-06-24 09:35:28,651 - INFO - ============================================================
2026-06-24 09:35:28,651 - INFO -   alpha: 0.9
2026-06-24 09:35:28,651 - INFO -   amplitude: 8.0
2026-06-24 09:35:28,652 - INFO -   atol: 1e-12
2026-06-24 09:35:28,652 - INFO -   colormap: inferno
2026-06-24 09:35:28,652 - INFO -   dpi: 150
2026-06-24 09:35:28,652 - INFO -   eps: 6.0
2026-06-24 09:35:28,652 - INFO -   fps: 30
2026-06-24 09:35:28,652 - INFO -   ic_type: sech
2026-06-24 09:35:28,652 - INFO -   line_width: 2.5
2026-06-24 09:35:28,652 - INFO -   mu: 1.0
2026-06-24 09:35:28,652 - INFO -   n_cores: 0
2026-06-24 09:35:28,652 - INFO -   n_frames: 200
2026-06-24 09:35:28,652 - INFO -   nx: 1024
2026-06-24 09:35:28,652 - INFO -   output_dir: outputs
2026-06-24 09:35:28,652 - INFO -   position: -20.0
2026-06-24 09:35:28,652 - INFO -   rtol: 1e-10
2026-06-24 09:35:28,652 - INFO -   save_animation: True
2026-06-24 09:35:28,652 - INFO -   save_netcdf: True
2026-06-24 09:35:28,652 - INFO -   scenario_name: KdV Single Soliton v0
2026-06-24 09:35:28,652 - INFO -   t_final: 1.5
2026-06-24 09:35:28,652 - INFO -   view_3d: True
2026-06-24 09:35:28,652 - INFO -   width: 0.5
2026-06-24 09:35:28,652 - INFO -   x_max: 25.0
2026-06-24 09:35:28,652 - INFO -   x_min: -25.0
2026-06-24 09:35:28,652 - INFO - ============================================================
2026-06-24 09:37:28,369 - INFO - ============================================================
2026-06-24 09:37:28,369 - INFO - SIMULATION RESULTS
2026-06-24 09:37:28,369 - INFO - ============================================================
2026-06-24 09:37:28,369 - INFO -   Physical parameters:
2026-06-24 09:37:28,370 - INFO -     μ = 1.0 m³/s
2026-06-24 09:37:28,370 - INFO -     ε = 6.0 1/m
2026-06-24 09:37:28,370 - INFO -   Numerical:
2026-06-24 09:37:28,370 - INFO -     Grid: 1024 points, dx = 0.048876 m
2026-06-24 09:37:28,370 - INFO -     Steps: 839462
2026-06-24 09:37:28,370 - INFO -     Cores: 8
2026-06-24 09:37:28,370 - INFO -     Numba: ENABLED
2026-06-24 09:37:28,370 - INFO -   Conservation laws:
2026-06-24 09:37:28,370 - INFO -     Mass error: 2.56e-10
2026-06-24 09:37:28,370 - INFO -     Momentum error: 6.66e-15
2026-06-24 09:37:28,370 - INFO -     Energy error: 1.05e-14
2026-06-24 09:37:28,370 - INFO -   Conservation quality: EXCELLENT
2026-06-24 09:37:28,370 - INFO -   Soliton velocity: 15.986248 m/s
2026-06-24 09:37:28,370 - INFO -   Energy formula: E = ∫ ((ε/2)·u³ - (3μ/2)·u_x²) dx
2026-06-24 09:37:28,370 - INFO - ============================================================
2026-06-24 09:39:36,668 - INFO - ============================================================
2026-06-24 09:39:36,669 - INFO - TIMING BREAKDOWN
2026-06-24 09:39:36,669 - INFO - ============================================================
2026-06-24 09:39:36,669 - INFO -   Simulation: 119.670 s
2026-06-24 09:39:36,669 - INFO -   Animation: 128.248 s
2026-06-24 09:39:36,669 - INFO -   initial_condition: 0.001 s
2026-06-24 09:39:36,669 - INFO -   save_netcdf: 0.051 s
2026-06-24 09:39:36,669 - INFO -   solver_init: 0.047 s
2026-06-24 09:39:36,669 - INFO -   Total: 248.017 s
2026-06-24 09:39:36,669 - INFO - ============================================================
2026-06-24 09:39:36,669 - INFO - ============================================================
2026-06-24 09:39:36,669 - INFO - SIMULATION SUMMARY
2026-06-24 09:39:36,669 - INFO - ============================================================
2026-06-24 09:39:36,669 - INFO -   ERRORS: None
2026-06-24 09:39:36,669 - INFO -   WARNINGS: None
2026-06-24 09:39:36,669 - INFO -   Log file: logs/kdv_single_soliton_v0.log
2026-06-24 09:39:36,669 - INFO - ============================================================
2026-06-24 09:39:36,669 - INFO - Simulation completed: kdv_single_soliton_v0
2026-06-24 09:39:36,669 - INFO - ============================================================
