2026-06-24 09:57:44,940 - INFO - ============================================================
2026-06-24 09:57:44,940 - INFO - PARAMETERS - KdV Soliton Collision v2
2026-06-24 09:57:44,940 - INFO - ============================================================
2026-06-24 09:57:44,940 - INFO -   alpha: 0.9
2026-06-24 09:57:44,940 - INFO -   amplitude_1: 9.68
2026-06-24 09:57:44,940 - INFO -   amplitude_2: 3.92
2026-06-24 09:57:44,940 - INFO -   atol: 1e-12
2026-06-24 09:57:44,940 - INFO -   colormap: inferno
2026-06-24 09:57:44,940 - INFO -   dpi: 150
2026-06-24 09:57:44,940 - INFO -   eps: 6.0
2026-06-24 09:57:44,940 - INFO -   fps: 30
2026-06-24 09:57:44,940 - INFO -   ic_type: multi_soliton
2026-06-24 09:57:44,940 - INFO -   line_width: 2.5
2026-06-24 09:57:44,940 - INFO -   mu: 1.0
2026-06-24 09:57:44,940 - INFO -   n_cores: 0
2026-06-24 09:57:44,940 - INFO -   n_frames: 200
2026-06-24 09:57:44,940 - INFO -   n_solitons: 2
2026-06-24 09:57:44,940 - INFO -   nx: 1024
2026-06-24 09:57:44,940 - INFO -   output_dir: outputs
2026-06-24 09:57:44,940 - INFO -   position_1: -20.0
2026-06-24 09:57:44,940 - INFO -   position_2: -10.0
2026-06-24 09:57:44,940 - INFO -   rtol: 1e-10
2026-06-24 09:57:44,940 - INFO -   save_animation: True
2026-06-24 09:57:44,940 - INFO -   save_netcdf: True
2026-06-24 09:57:44,940 - INFO -   scenario_name: KdV Soliton Collision v2
2026-06-24 09:57:44,940 - INFO -   t_final: 1.5
2026-06-24 09:57:44,940 - INFO -   view_3d: True
2026-06-24 09:57:44,940 - INFO -   width_1: 0.45454545454545453
2026-06-24 09:57:44,940 - INFO -   width_2: 0.7142857142857143
2026-06-24 09:57:44,940 - INFO -   x_max: 25.0
2026-06-24 09:57:44,940 - INFO -   x_min: -25.0
2026-06-24 09:57:44,940 - INFO - ============================================================
2026-06-24 09:59:45,186 - INFO - ============================================================
2026-06-24 09:59:45,186 - INFO - SIMULATION RESULTS
2026-06-24 09:59:45,186 - INFO - ============================================================
2026-06-24 09:59:45,186 - INFO -   Physical parameters:
2026-06-24 09:59:45,186 - INFO -     μ = 1.0 m³/s
2026-06-24 09:59:45,186 - INFO -     ε = 6.0 1/m
2026-06-24 09:59:45,186 - INFO -   Numerical:
2026-06-24 09:59:45,186 - INFO -     Grid: 1024 points, dx = 0.048876 m
2026-06-24 09:59:45,186 - INFO -     Steps: 804674
2026-06-24 09:59:45,186 - INFO -     Cores: 8
2026-06-24 09:59:45,186 - INFO -     Numba: ENABLED
2026-06-24 09:59:45,186 - INFO -   Conservation laws:
2026-06-24 09:59:45,186 - INFO -     Mass error: 2.28e-11
2026-06-24 09:59:45,186 - INFO -     Momentum error: 8.36e-15
2026-06-24 09:59:45,186 - INFO -     Energy error: 1.50e-14
2026-06-24 09:59:45,186 - INFO -   Conservation quality: EXCELLENT
2026-06-24 09:59:45,186 - INFO -   Soliton velocity: 19.339868 m/s
2026-06-24 09:59:45,186 - INFO -   Energy formula: E = ∫ ((ε/2)·u³ - (3μ/2)·u_x²) dx
2026-06-24 09:59:45,186 - INFO - ============================================================
2026-06-24 10:01:47,992 - INFO - ============================================================
2026-06-24 10:01:47,992 - INFO - TIMING BREAKDOWN
2026-06-24 10:01:47,992 - INFO - ============================================================
2026-06-24 10:01:47,992 - INFO -   Simulation: 120.246 s
2026-06-24 10:01:47,992 - INFO -   Animation: 122.775 s
2026-06-24 10:01:47,992 - INFO -   initial_condition: 0.000 s
2026-06-24 10:01:47,992 - INFO -   save_netcdf: 0.030 s
2026-06-24 10:01:47,992 - INFO -   solver_init: 0.000 s
2026-06-24 10:01:47,992 - INFO -   Total: 243.052 s
2026-06-24 10:01:47,992 - INFO - ============================================================
2026-06-24 10:01:47,992 - INFO - ============================================================
2026-06-24 10:01:47,992 - INFO - SIMULATION SUMMARY
2026-06-24 10:01:47,992 - INFO - ============================================================
2026-06-24 10:01:47,992 - INFO -   ERRORS: None
2026-06-24 10:01:47,993 - INFO -   WARNINGS: None
2026-06-24 10:01:47,993 - INFO -   Log file: logs/kdv_soliton_collision_v2.log
2026-06-24 10:01:47,993 - INFO - ============================================================
2026-06-24 10:01:47,993 - INFO - Simulation completed: kdv_soliton_collision_v2
2026-06-24 10:01:47,993 - INFO - ============================================================
