2026-06-24 09:49:37,528 - INFO - ============================================================
2026-06-24 09:49:37,528 - INFO - PARAMETERS - KdV Soliton Collision v0
2026-06-24 09:49:37,528 - INFO - ============================================================
2026-06-24 09:49:37,528 - INFO -   alpha: 0.9
2026-06-24 09:49:37,528 - INFO -   amplitude_1: 11.52
2026-06-24 09:49:37,528 - INFO -   amplitude_2: 2.88
2026-06-24 09:49:37,528 - INFO -   atol: 1e-12
2026-06-24 09:49:37,528 - INFO -   colormap: inferno
2026-06-24 09:49:37,528 - INFO -   dpi: 150
2026-06-24 09:49:37,528 - INFO -   eps: 6.0
2026-06-24 09:49:37,528 - INFO -   fps: 30
2026-06-24 09:49:37,528 - INFO -   ic_type: multi_soliton
2026-06-24 09:49:37,528 - INFO -   line_width: 2.5
2026-06-24 09:49:37,528 - INFO -   mu: 1.0
2026-06-24 09:49:37,528 - INFO -   n_cores: 0
2026-06-24 09:49:37,528 - INFO -   n_frames: 200
2026-06-24 09:49:37,528 - INFO -   n_solitons: 2
2026-06-24 09:49:37,528 - INFO -   nx: 1024
2026-06-24 09:49:37,528 - INFO -   output_dir: outputs
2026-06-24 09:49:37,528 - INFO -   position_1: -20.0
2026-06-24 09:49:37,528 - INFO -   position_2: -10.0
2026-06-24 09:49:37,528 - INFO -   rtol: 1e-10
2026-06-24 09:49:37,528 - INFO -   save_animation: True
2026-06-24 09:49:37,528 - INFO -   save_netcdf: True
2026-06-24 09:49:37,528 - INFO -   scenario_name: KdV Soliton Collision v0
2026-06-24 09:49:37,528 - INFO -   t_final: 1.5
2026-06-24 09:49:37,528 - INFO -   view_3d: True
2026-06-24 09:49:37,528 - INFO -   width_1: 0.4166666666666667
2026-06-24 09:49:37,528 - INFO -   width_2: 0.8333333333333334
2026-06-24 09:49:37,528 - INFO -   x_max: 25.0
2026-06-24 09:49:37,528 - INFO -   x_min: -25.0
2026-06-24 09:49:37,528 - INFO - ============================================================
2026-06-24 09:51:33,621 - INFO - ============================================================
2026-06-24 09:51:33,621 - INFO - SIMULATION RESULTS
2026-06-24 09:51:33,621 - INFO - ============================================================
2026-06-24 09:51:33,621 - INFO -   Physical parameters:
2026-06-24 09:51:33,621 - INFO -     μ = 1.0 m³/s
2026-06-24 09:51:33,621 - INFO -     ε = 6.0 1/m
2026-06-24 09:51:33,621 - INFO -   Numerical:
2026-06-24 09:51:33,621 - INFO -     Grid: 1024 points, dx = 0.048876 m
2026-06-24 09:51:33,621 - INFO -     Steps: 801854
2026-06-24 09:51:33,621 - INFO -     Cores: 8
2026-06-24 09:51:33,621 - INFO -     Numba: ENABLED
2026-06-24 09:51:33,621 - INFO -   Conservation laws:
2026-06-24 09:51:33,621 - INFO -     Mass error: 3.75e-12
2026-06-24 09:51:33,621 - INFO -     Momentum error: 6.00e-15
2026-06-24 09:51:33,621 - INFO -     Energy error: 1.02e-14
2026-06-24 09:51:33,621 - INFO -   Conservation quality: EXCELLENT
2026-06-24 09:51:33,621 - INFO -   Soliton velocity: 23.011491 m/s
2026-06-24 09:51:33,621 - INFO -   Energy formula: E = ∫ ((ε/2)·u³ - (3μ/2)·u_x²) dx
2026-06-24 09:51:33,621 - INFO - ============================================================
2026-06-24 09:53:34,807 - INFO - ============================================================
2026-06-24 09:53:34,808 - INFO - TIMING BREAKDOWN
2026-06-24 09:53:34,808 - INFO - ============================================================
2026-06-24 09:53:34,808 - INFO -   Simulation: 116.093 s
2026-06-24 09:53:34,808 - INFO -   Animation: 121.159 s
2026-06-24 09:53:34,808 - INFO -   initial_condition: 0.000 s
2026-06-24 09:53:34,808 - INFO -   save_netcdf: 0.027 s
2026-06-24 09:53:34,808 - INFO -   solver_init: 0.000 s
2026-06-24 09:53:34,808 - INFO -   Total: 237.280 s
2026-06-24 09:53:34,808 - INFO - ============================================================
2026-06-24 09:53:34,808 - INFO - ============================================================
2026-06-24 09:53:34,808 - INFO - SIMULATION SUMMARY
2026-06-24 09:53:34,808 - INFO - ============================================================
2026-06-24 09:53:34,808 - INFO -   ERRORS: None
2026-06-24 09:53:34,808 - INFO -   WARNINGS: None
2026-06-24 09:53:34,808 - INFO -   Log file: logs/kdv_soliton_collision_v0.log
2026-06-24 09:53:34,808 - INFO - ============================================================
2026-06-24 09:53:34,808 - INFO - Simulation completed: kdv_soliton_collision_v0
2026-06-24 09:53:34,808 - INFO - ============================================================
