2026-06-24 09:53:35,560 - INFO - ============================================================
2026-06-24 09:53:35,560 - INFO - PARAMETERS - KdV Soliton Collision v1
2026-06-24 09:53:35,560 - INFO - ============================================================
2026-06-24 09:53:35,560 - INFO -   alpha: 0.9
2026-06-24 09:53:35,560 - INFO -   amplitude_1: 8.0
2026-06-24 09:53:35,560 - INFO -   amplitude_2: 6.48
2026-06-24 09:53:35,560 - INFO -   atol: 1e-12
2026-06-24 09:53:35,560 - INFO -   colormap: inferno
2026-06-24 09:53:35,560 - INFO -   dpi: 150
2026-06-24 09:53:35,560 - INFO -   eps: 6.0
2026-06-24 09:53:35,560 - INFO -   fps: 30
2026-06-24 09:53:35,560 - INFO -   ic_type: multi_soliton
2026-06-24 09:53:35,560 - INFO -   line_width: 2.5
2026-06-24 09:53:35,561 - INFO -   mu: 1.0
2026-06-24 09:53:35,561 - INFO -   n_cores: 0
2026-06-24 09:53:35,561 - INFO -   n_frames: 200
2026-06-24 09:53:35,561 - INFO -   n_solitons: 2
2026-06-24 09:53:35,561 - INFO -   nx: 1024
2026-06-24 09:53:35,561 - INFO -   output_dir: outputs
2026-06-24 09:53:35,561 - INFO -   position_1: -20.0
2026-06-24 09:53:35,561 - INFO -   position_2: -10.0
2026-06-24 09:53:35,561 - INFO -   rtol: 1e-10
2026-06-24 09:53:35,561 - INFO -   save_animation: True
2026-06-24 09:53:35,561 - INFO -   save_netcdf: True
2026-06-24 09:53:35,561 - INFO -   scenario_name: KdV Soliton Collision v1
2026-06-24 09:53:35,561 - INFO -   t_final: 1.5
2026-06-24 09:53:35,561 - INFO -   view_3d: True
2026-06-24 09:53:35,561 - INFO -   width_1: 0.5
2026-06-24 09:53:35,561 - INFO -   width_2: 0.5555555555555556
2026-06-24 09:53:35,561 - INFO -   x_max: 25.0
2026-06-24 09:53:35,561 - INFO -   x_min: -25.0
2026-06-24 09:53:35,561 - INFO - ============================================================
2026-06-24 09:55:42,566 - INFO - ============================================================
2026-06-24 09:55:42,566 - INFO - SIMULATION RESULTS
2026-06-24 09:55:42,566 - INFO - ============================================================
2026-06-24 09:55:42,567 - INFO -   Physical parameters:
2026-06-24 09:55:42,567 - INFO -     μ = 1.0 m³/s
2026-06-24 09:55:42,567 - INFO -     ε = 6.0 1/m
2026-06-24 09:55:42,567 - INFO -   Numerical:
2026-06-24 09:55:42,567 - INFO -     Grid: 1024 points, dx = 0.048876 m
2026-06-24 09:55:42,567 - INFO -     Steps: 859070
2026-06-24 09:55:42,567 - INFO -     Cores: 8
2026-06-24 09:55:42,567 - INFO -     Numba: ENABLED
2026-06-24 09:55:42,567 - INFO -   Conservation laws:
2026-06-24 09:55:42,567 - INFO -     Mass error: 1.33e-10
2026-06-24 09:55:42,567 - INFO -     Momentum error: 5.39e-15
2026-06-24 09:55:42,567 - INFO -     Energy error: 8.38e-15
2026-06-24 09:55:42,567 - INFO -   Conservation quality: EXCELLENT
2026-06-24 09:55:42,567 - INFO -   Soliton velocity: 15.986248 m/s
2026-06-24 09:55:42,567 - INFO -   Energy formula: E = ∫ ((ε/2)·u³ - (3μ/2)·u_x²) dx
2026-06-24 09:55:42,567 - INFO - ============================================================
2026-06-24 09:57:44,913 - INFO - ============================================================
2026-06-24 09:57:44,913 - INFO - TIMING BREAKDOWN
2026-06-24 09:57:44,913 - INFO - ============================================================
2026-06-24 09:57:44,913 - INFO -   Simulation: 127.006 s
2026-06-24 09:57:44,913 - INFO -   Animation: 122.318 s
2026-06-24 09:57:44,913 - INFO -   initial_condition: 0.000 s
2026-06-24 09:57:44,913 - INFO -   save_netcdf: 0.027 s
2026-06-24 09:57:44,913 - INFO -   solver_init: 0.000 s
2026-06-24 09:57:44,913 - INFO -   Total: 249.353 s
2026-06-24 09:57:44,913 - INFO - ============================================================
2026-06-24 09:57:44,913 - INFO - ============================================================
2026-06-24 09:57:44,913 - INFO - SIMULATION SUMMARY
2026-06-24 09:57:44,913 - INFO - ============================================================
2026-06-24 09:57:44,913 - INFO -   ERRORS: None
2026-06-24 09:57:44,913 - INFO -   WARNINGS: None
2026-06-24 09:57:44,913 - INFO -   Log file: logs/kdv_soliton_collision_v1.log
2026-06-24 09:57:44,913 - INFO - ============================================================
2026-06-24 09:57:44,913 - INFO - Simulation completed: kdv_soliton_collision_v1
2026-06-24 09:57:44,913 - INFO - ============================================================
