2026-06-24 09:43:37,658 - INFO - ============================================================
2026-06-24 09:43:37,658 - INFO - PARAMETERS - KdV Single Soliton v2
2026-06-24 09:43:37,658 - INFO - ============================================================
2026-06-24 09:43:37,658 - INFO -   alpha: 0.9
2026-06-24 09:43:37,658 - INFO -   amplitude: 11.52
2026-06-24 09:43:37,658 - INFO -   atol: 1e-12
2026-06-24 09:43:37,658 - INFO -   colormap: inferno
2026-06-24 09:43:37,658 - INFO -   dpi: 150
2026-06-24 09:43:37,658 - INFO -   eps: 6.0
2026-06-24 09:43:37,658 - INFO -   fps: 30
2026-06-24 09:43:37,658 - INFO -   ic_type: sech
2026-06-24 09:43:37,658 - INFO -   line_width: 2.5
2026-06-24 09:43:37,658 - INFO -   mu: 1.0
2026-06-24 09:43:37,658 - INFO -   n_cores: 0
2026-06-24 09:43:37,658 - INFO -   n_frames: 200
2026-06-24 09:43:37,658 - INFO -   nx: 1024
2026-06-24 09:43:37,658 - INFO -   output_dir: outputs
2026-06-24 09:43:37,658 - INFO -   position: -20.0
2026-06-24 09:43:37,658 - INFO -   rtol: 1e-10
2026-06-24 09:43:37,659 - INFO -   save_animation: True
2026-06-24 09:43:37,659 - INFO -   save_netcdf: True
2026-06-24 09:43:37,659 - INFO -   scenario_name: KdV Single Soliton v2
2026-06-24 09:43:37,659 - INFO -   t_final: 1.5
2026-06-24 09:43:37,659 - INFO -   view_3d: True
2026-06-24 09:43:37,659 - INFO -   width: 0.4166666666666667
2026-06-24 09:43:37,659 - INFO -   x_max: 25.0
2026-06-24 09:43:37,659 - INFO -   x_min: -25.0
2026-06-24 09:43:37,659 - INFO - ============================================================
2026-06-24 09:45:32,233 - INFO - ============================================================
2026-06-24 09:45:32,233 - INFO - SIMULATION RESULTS
2026-06-24 09:45:32,233 - INFO - ============================================================
2026-06-24 09:45:32,233 - INFO -   Physical parameters:
2026-06-24 09:45:32,233 - INFO -     μ = 1.0 m³/s
2026-06-24 09:45:32,233 - INFO -     ε = 6.0 1/m
2026-06-24 09:45:32,233 - INFO -   Numerical:
2026-06-24 09:45:32,233 - INFO -     Grid: 1024 points, dx = 0.048876 m
2026-06-24 09:45:32,233 - INFO -     Steps: 802238
2026-06-24 09:45:32,233 - INFO -     Cores: 8
2026-06-24 09:45:32,233 - INFO -     Numba: ENABLED
2026-06-24 09:45:32,233 - INFO -   Conservation laws:
2026-06-24 09:45:32,233 - INFO -     Mass error: 5.55e-12
2026-06-24 09:45:32,233 - INFO -     Momentum error: 1.46e-14
2026-06-24 09:45:32,233 - INFO -     Energy error: 2.48e-14
2026-06-24 09:45:32,233 - INFO -   Conservation quality: EXCELLENT
2026-06-24 09:45:32,234 - INFO -   Soliton velocity: 23.011491 m/s
2026-06-24 09:45:32,234 - INFO -   Energy formula: E = ∫ ((ε/2)·u³ - (3μ/2)·u_x²) dx
2026-06-24 09:45:32,234 - INFO - ============================================================
2026-06-24 09:47:34,142 - INFO - ============================================================
2026-06-24 09:47:34,142 - INFO - TIMING BREAKDOWN
2026-06-24 09:47:34,143 - INFO - ============================================================
2026-06-24 09:47:34,143 - INFO -   Simulation: 114.575 s
2026-06-24 09:47:34,143 - INFO -   Animation: 121.877 s
2026-06-24 09:47:34,143 - INFO -   initial_condition: 0.000 s
2026-06-24 09:47:34,143 - INFO -   save_netcdf: 0.032 s
2026-06-24 09:47:34,143 - INFO -   solver_init: 0.000 s
2026-06-24 09:47:34,143 - INFO -   Total: 236.484 s
2026-06-24 09:47:34,143 - INFO - ============================================================
2026-06-24 09:47:34,143 - INFO - ============================================================
2026-06-24 09:47:34,143 - INFO - SIMULATION SUMMARY
2026-06-24 09:47:34,143 - INFO - ============================================================
2026-06-24 09:47:34,143 - INFO -   ERRORS: None
2026-06-24 09:47:34,143 - INFO -   WARNINGS: None
2026-06-24 09:47:34,143 - INFO -   Log file: logs/kdv_single_soliton_v2.log
2026-06-24 09:47:34,143 - INFO - ============================================================
2026-06-24 09:47:34,143 - INFO - Simulation completed: kdv_single_soliton_v2
2026-06-24 09:47:34,143 - INFO - ============================================================
