2026-06-24 09:39:37,481 - INFO - ============================================================
2026-06-24 09:39:37,481 - INFO - PARAMETERS - KdV Single Soliton v1
2026-06-24 09:39:37,481 - INFO - ============================================================
2026-06-24 09:39:37,482 - INFO -   alpha: 0.9
2026-06-24 09:39:37,482 - INFO -   amplitude: 9.68
2026-06-24 09:39:37,482 - INFO -   atol: 1e-12
2026-06-24 09:39:37,482 - INFO -   colormap: inferno
2026-06-24 09:39:37,482 - INFO -   dpi: 150
2026-06-24 09:39:37,482 - INFO -   eps: 6.0
2026-06-24 09:39:37,482 - INFO -   fps: 30
2026-06-24 09:39:37,482 - INFO -   ic_type: sech
2026-06-24 09:39:37,482 - INFO -   line_width: 2.5
2026-06-24 09:39:37,482 - INFO -   mu: 1.0
2026-06-24 09:39:37,482 - INFO -   n_cores: 0
2026-06-24 09:39:37,482 - INFO -   n_frames: 200
2026-06-24 09:39:37,482 - INFO -   nx: 1024
2026-06-24 09:39:37,482 - INFO -   output_dir: outputs
2026-06-24 09:39:37,482 - INFO -   position: -20.0
2026-06-24 09:39:37,482 - INFO -   rtol: 1e-10
2026-06-24 09:39:37,482 - INFO -   save_animation: True
2026-06-24 09:39:37,482 - INFO -   save_netcdf: True
2026-06-24 09:39:37,482 - INFO -   scenario_name: KdV Single Soliton v1
2026-06-24 09:39:37,482 - INFO -   t_final: 1.5
2026-06-24 09:39:37,482 - INFO -   view_3d: True
2026-06-24 09:39:37,482 - INFO -   width: 0.45454545454545453
2026-06-24 09:39:37,482 - INFO -   x_max: 25.0
2026-06-24 09:39:37,482 - INFO -   x_min: -25.0
2026-06-24 09:39:37,482 - INFO - ============================================================
2026-06-24 09:41:39,562 - INFO - ============================================================
2026-06-24 09:41:39,562 - INFO - SIMULATION RESULTS
2026-06-24 09:41:39,562 - INFO - ============================================================
2026-06-24 09:41:39,562 - INFO -   Physical parameters:
2026-06-24 09:41:39,562 - INFO -     μ = 1.0 m³/s
2026-06-24 09:41:39,562 - INFO -     ε = 6.0 1/m
2026-06-24 09:41:39,562 - INFO -   Numerical:
2026-06-24 09:41:39,562 - INFO -     Grid: 1024 points, dx = 0.048876 m
2026-06-24 09:41:39,562 - INFO -     Steps: 804662
2026-06-24 09:41:39,562 - INFO -     Cores: 8
2026-06-24 09:41:39,562 - INFO -     Numba: ENABLED
2026-06-24 09:41:39,562 - INFO -   Conservation laws:
2026-06-24 09:41:39,562 - INFO -     Mass error: 3.78e-11
2026-06-24 09:41:39,562 - INFO -     Momentum error: 6.38e-15
2026-06-24 09:41:39,562 - INFO -     Energy error: 1.11e-14
2026-06-24 09:41:39,562 - INFO -   Conservation quality: EXCELLENT
2026-06-24 09:41:39,562 - INFO -   Soliton velocity: 19.339868 m/s
2026-06-24 09:41:39,562 - INFO -   Energy formula: E = ∫ ((ε/2)·u³ - (3μ/2)·u_x²) dx
2026-06-24 09:41:39,562 - INFO - ============================================================
2026-06-24 09:43:37,630 - INFO - ============================================================
2026-06-24 09:43:37,630 - INFO - TIMING BREAKDOWN
2026-06-24 09:43:37,630 - INFO - ============================================================
2026-06-24 09:43:37,630 - INFO -   Simulation: 122.080 s
2026-06-24 09:43:37,630 - INFO -   Animation: 118.037 s
2026-06-24 09:43:37,630 - INFO -   initial_condition: 0.000 s
2026-06-24 09:43:37,631 - INFO -   save_netcdf: 0.031 s
2026-06-24 09:43:37,631 - INFO -   solver_init: 0.000 s
2026-06-24 09:43:37,631 - INFO -   Total: 240.148 s
2026-06-24 09:43:37,631 - INFO - ============================================================
2026-06-24 09:43:37,631 - INFO - ============================================================
2026-06-24 09:43:37,631 - INFO - SIMULATION SUMMARY
2026-06-24 09:43:37,631 - INFO - ============================================================
2026-06-24 09:43:37,631 - INFO -   ERRORS: None
2026-06-24 09:43:37,631 - INFO -   WARNINGS: None
2026-06-24 09:43:37,631 - INFO -   Log file: logs/kdv_single_soliton_v1.log
2026-06-24 09:43:37,631 - INFO - ============================================================
2026-06-24 09:43:37,631 - INFO - Simulation completed: kdv_single_soliton_v1
2026-06-24 09:43:37,631 - INFO - ============================================================
